SRR3405798
join   :|-------------------------------------------------- 100%   
concat :|-------------------------------------------------- 100%   
spots read      : 12,489,215
reads read      : 12,489,215
reads written   : 12,489,215

SRR3405800
join   :|-------------------------------------------------- 100%   
concat :|-------------------------------------------------- 100%   
spots read      : 20,271,710
reads read      : 20,271,710
reads written   : 20,271,710

SRR3405801
join   :|-------------------------------------------------- 100%   
concat :|-------------------------------------------------- 100%   
spots read      : 12,511,891
reads read      : 12,511,891
reads written   : 12,511,891

SRR3405802
join   :|-------------------------------------------------- 100%   
concat :|-------------------------------------------------- 100%   
spots read      : 15,413,066
reads read      : 15,413,066
reads written   : 15,413,066

SRR3405809
join   :|-------------------------------------------------- 100%   
concat :|-------------------------------------------------- 100%   
spots read      : 16,108,613
reads read      : 16,108,613
reads written   : 16,108,613

SRR3405818
join   :|-------------------------------------------------- 100%   
concat :|-------------------------------------------------- 100%   
spots read      : 16,881,069
reads read      : 16,881,069
reads written   : 16,881,069
