Started analysis of DRG_WT_00_Rep1_R1.fastq
Approx 5% complete for DRG_WT_00_Rep1_R1.fastq
Approx 10% complete for DRG_WT_00_Rep1_R1.fastq
Approx 15% complete for DRG_WT_00_Rep1_R1.fastq
Approx 20% complete for DRG_WT_00_Rep1_R1.fastq
Approx 25% complete for DRG_WT_00_Rep1_R1.fastq
Approx 30% complete for DRG_WT_00_Rep1_R1.fastq
Approx 35% complete for DRG_WT_00_Rep1_R1.fastq
Approx 40% complete for DRG_WT_00_Rep1_R1.fastq
Approx 45% complete for DRG_WT_00_Rep1_R1.fastq
Approx 50% complete for DRG_WT_00_Rep1_R1.fastq
Approx 55% complete for DRG_WT_00_Rep1_R1.fastq
Approx 60% complete for DRG_WT_00_Rep1_R1.fastq
Approx 65% complete for DRG_WT_00_Rep1_R1.fastq
Approx 70% complete for DRG_WT_00_Rep1_R1.fastq
Approx 75% complete for DRG_WT_00_Rep1_R1.fastq
Approx 80% complete for DRG_WT_00_Rep1_R1.fastq
Approx 85% complete for DRG_WT_00_Rep1_R1.fastq
Approx 90% complete for DRG_WT_00_Rep1_R1.fastq
Approx 95% complete for DRG_WT_00_Rep1_R1.fastq
Analysis complete for DRG_WT_00_Rep1_R1.fastq
Started analysis of DRG_WT_00_Rep1_R2.fastq
Approx 5% complete for DRG_WT_00_Rep1_R2.fastq
Approx 10% complete for DRG_WT_00_Rep1_R2.fastq
Approx 15% complete for DRG_WT_00_Rep1_R2.fastq
Approx 20% complete for DRG_WT_00_Rep1_R2.fastq
Approx 25% complete for DRG_WT_00_Rep1_R2.fastq
Approx 30% complete for DRG_WT_00_Rep1_R2.fastq
Approx 35% complete for DRG_WT_00_Rep1_R2.fastq
Approx 40% complete for DRG_WT_00_Rep1_R2.fastq
Approx 45% complete for DRG_WT_00_Rep1_R2.fastq
Approx 50% complete for DRG_WT_00_Rep1_R2.fastq
Approx 55% complete for DRG_WT_00_Rep1_R2.fastq
Approx 60% complete for DRG_WT_00_Rep1_R2.fastq
Approx 65% complete for DRG_WT_00_Rep1_R2.fastq
Approx 70% complete for DRG_WT_00_Rep1_R2.fastq
Approx 75% complete for DRG_WT_00_Rep1_R2.fastq
Approx 80% complete for DRG_WT_00_Rep1_R2.fastq
Approx 85% complete for DRG_WT_00_Rep1_R2.fastq
Approx 90% complete for DRG_WT_00_Rep1_R2.fastq
Approx 95% complete for DRG_WT_00_Rep1_R2.fastq
Analysis complete for DRG_WT_00_Rep1_R2.fastq
Started analysis of DRG_WT_00_Rep2_R1.fastq
Approx 5% complete for DRG_WT_00_Rep2_R1.fastq
Approx 10% complete for DRG_WT_00_Rep2_R1.fastq
Approx 15% complete for DRG_WT_00_Rep2_R1.fastq
Approx 20% complete for DRG_WT_00_Rep2_R1.fastq
Approx 25% complete for DRG_WT_00_Rep2_R1.fastq
Approx 30% complete for DRG_WT_00_Rep2_R1.fastq
Approx 35% complete for DRG_WT_00_Rep2_R1.fastq
Approx 40% complete for DRG_WT_00_Rep2_R1.fastq
Approx 45% complete for DRG_WT_00_Rep2_R1.fastq
Approx 50% complete for DRG_WT_00_Rep2_R1.fastq
Approx 55% complete for DRG_WT_00_Rep2_R1.fastq
Approx 60% complete for DRG_WT_00_Rep2_R1.fastq
Approx 65% complete for DRG_WT_00_Rep2_R1.fastq
Approx 70% complete for DRG_WT_00_Rep2_R1.fastq
Approx 75% complete for DRG_WT_00_Rep2_R1.fastq
Approx 80% complete for DRG_WT_00_Rep2_R1.fastq
Approx 85% complete for DRG_WT_00_Rep2_R1.fastq
Approx 90% complete for DRG_WT_00_Rep2_R1.fastq
Approx 95% complete for DRG_WT_00_Rep2_R1.fastq
Analysis complete for DRG_WT_00_Rep2_R1.fastq
Started analysis of DRG_WT_00_Rep2_R2.fastq
Approx 5% complete for DRG_WT_00_Rep2_R2.fastq
Approx 10% complete for DRG_WT_00_Rep2_R2.fastq
Approx 15% complete for DRG_WT_00_Rep2_R2.fastq
Approx 20% complete for DRG_WT_00_Rep2_R2.fastq
Approx 25% complete for DRG_WT_00_Rep2_R2.fastq
Approx 30% complete for DRG_WT_00_Rep2_R2.fastq
Approx 35% complete for DRG_WT_00_Rep2_R2.fastq
Approx 40% complete for DRG_WT_00_Rep2_R2.fastq
Approx 45% complete for DRG_WT_00_Rep2_R2.fastq
Approx 50% complete for DRG_WT_00_Rep2_R2.fastq
Approx 55% complete for DRG_WT_00_Rep2_R2.fastq
Approx 60% complete for DRG_WT_00_Rep2_R2.fastq
Approx 65% complete for DRG_WT_00_Rep2_R2.fastq
Approx 70% complete for DRG_WT_00_Rep2_R2.fastq
Approx 75% complete for DRG_WT_00_Rep2_R2.fastq
Approx 80% complete for DRG_WT_00_Rep2_R2.fastq
Approx 85% complete for DRG_WT_00_Rep2_R2.fastq
Approx 90% complete for DRG_WT_00_Rep2_R2.fastq
Approx 95% complete for DRG_WT_00_Rep2_R2.fastq
Analysis complete for DRG_WT_00_Rep2_R2.fastq
Started analysis of DRG_WT_01_Rep1_R1.fastq
Approx 5% complete for DRG_WT_01_Rep1_R1.fastq
Approx 10% complete for DRG_WT_01_Rep1_R1.fastq
Approx 15% complete for DRG_WT_01_Rep1_R1.fastq
Approx 20% complete for DRG_WT_01_Rep1_R1.fastq
Approx 25% complete for DRG_WT_01_Rep1_R1.fastq
Approx 30% complete for DRG_WT_01_Rep1_R1.fastq
Approx 35% complete for DRG_WT_01_Rep1_R1.fastq
Approx 40% complete for DRG_WT_01_Rep1_R1.fastq
Approx 45% complete for DRG_WT_01_Rep1_R1.fastq
Approx 50% complete for DRG_WT_01_Rep1_R1.fastq
Approx 55% complete for DRG_WT_01_Rep1_R1.fastq
Approx 60% complete for DRG_WT_01_Rep1_R1.fastq
Approx 65% complete for DRG_WT_01_Rep1_R1.fastq
Approx 70% complete for DRG_WT_01_Rep1_R1.fastq
Approx 75% complete for DRG_WT_01_Rep1_R1.fastq
Approx 80% complete for DRG_WT_01_Rep1_R1.fastq
Approx 85% complete for DRG_WT_01_Rep1_R1.fastq
Approx 90% complete for DRG_WT_01_Rep1_R1.fastq
Approx 95% complete for DRG_WT_01_Rep1_R1.fastq
Analysis complete for DRG_WT_01_Rep1_R1.fastq
Started analysis of DRG_WT_01_Rep1_R2.fastq
Approx 5% complete for DRG_WT_01_Rep1_R2.fastq
Approx 10% complete for DRG_WT_01_Rep1_R2.fastq
Approx 15% complete for DRG_WT_01_Rep1_R2.fastq
Approx 20% complete for DRG_WT_01_Rep1_R2.fastq
Approx 25% complete for DRG_WT_01_Rep1_R2.fastq
Approx 30% complete for DRG_WT_01_Rep1_R2.fastq
Approx 35% complete for DRG_WT_01_Rep1_R2.fastq
Approx 40% complete for DRG_WT_01_Rep1_R2.fastq
Approx 45% complete for DRG_WT_01_Rep1_R2.fastq
Approx 50% complete for DRG_WT_01_Rep1_R2.fastq
Approx 55% complete for DRG_WT_01_Rep1_R2.fastq
Approx 60% complete for DRG_WT_01_Rep1_R2.fastq
Approx 65% complete for DRG_WT_01_Rep1_R2.fastq
Approx 70% complete for DRG_WT_01_Rep1_R2.fastq
Approx 75% complete for DRG_WT_01_Rep1_R2.fastq
Approx 80% complete for DRG_WT_01_Rep1_R2.fastq
Approx 85% complete for DRG_WT_01_Rep1_R2.fastq
Approx 90% complete for DRG_WT_01_Rep1_R2.fastq
Approx 95% complete for DRG_WT_01_Rep1_R2.fastq
Analysis complete for DRG_WT_01_Rep1_R2.fastq
Started analysis of DRG_WT_01_Rep2_R1.fastq
Approx 5% complete for DRG_WT_01_Rep2_R1.fastq
Approx 10% complete for DRG_WT_01_Rep2_R1.fastq
Approx 15% complete for DRG_WT_01_Rep2_R1.fastq
Approx 20% complete for DRG_WT_01_Rep2_R1.fastq
Approx 25% complete for DRG_WT_01_Rep2_R1.fastq
Approx 30% complete for DRG_WT_01_Rep2_R1.fastq
Approx 35% complete for DRG_WT_01_Rep2_R1.fastq
Approx 40% complete for DRG_WT_01_Rep2_R1.fastq
Approx 45% complete for DRG_WT_01_Rep2_R1.fastq
Approx 50% complete for DRG_WT_01_Rep2_R1.fastq
Approx 55% complete for DRG_WT_01_Rep2_R1.fastq
Approx 60% complete for DRG_WT_01_Rep2_R1.fastq
Approx 65% complete for DRG_WT_01_Rep2_R1.fastq
Approx 70% complete for DRG_WT_01_Rep2_R1.fastq
Approx 75% complete for DRG_WT_01_Rep2_R1.fastq
Approx 80% complete for DRG_WT_01_Rep2_R1.fastq
Approx 85% complete for DRG_WT_01_Rep2_R1.fastq
Approx 90% complete for DRG_WT_01_Rep2_R1.fastq
Approx 95% complete for DRG_WT_01_Rep2_R1.fastq
Analysis complete for DRG_WT_01_Rep2_R1.fastq
Started analysis of DRG_WT_01_Rep2_R2.fastq
Approx 5% complete for DRG_WT_01_Rep2_R2.fastq
Approx 10% complete for DRG_WT_01_Rep2_R2.fastq
Approx 15% complete for DRG_WT_01_Rep2_R2.fastq
Approx 20% complete for DRG_WT_01_Rep2_R2.fastq
Approx 25% complete for DRG_WT_01_Rep2_R2.fastq
Approx 30% complete for DRG_WT_01_Rep2_R2.fastq
Approx 35% complete for DRG_WT_01_Rep2_R2.fastq
Approx 40% complete for DRG_WT_01_Rep2_R2.fastq
Approx 45% complete for DRG_WT_01_Rep2_R2.fastq
Approx 50% complete for DRG_WT_01_Rep2_R2.fastq
Approx 55% complete for DRG_WT_01_Rep2_R2.fastq
Approx 60% complete for DRG_WT_01_Rep2_R2.fastq
Approx 65% complete for DRG_WT_01_Rep2_R2.fastq
Approx 70% complete for DRG_WT_01_Rep2_R2.fastq
Approx 75% complete for DRG_WT_01_Rep2_R2.fastq
Approx 80% complete for DRG_WT_01_Rep2_R2.fastq
Approx 85% complete for DRG_WT_01_Rep2_R2.fastq
Approx 90% complete for DRG_WT_01_Rep2_R2.fastq
Approx 95% complete for DRG_WT_01_Rep2_R2.fastq
Analysis complete for DRG_WT_01_Rep2_R2.fastq
Started analysis of DRG_WT_03_Rep1_R1.fastq
Approx 5% complete for DRG_WT_03_Rep1_R1.fastq
Approx 10% complete for DRG_WT_03_Rep1_R1.fastq
Approx 15% complete for DRG_WT_03_Rep1_R1.fastq
Approx 20% complete for DRG_WT_03_Rep1_R1.fastq
Approx 25% complete for DRG_WT_03_Rep1_R1.fastq
Approx 30% complete for DRG_WT_03_Rep1_R1.fastq
Approx 35% complete for DRG_WT_03_Rep1_R1.fastq
Approx 40% complete for DRG_WT_03_Rep1_R1.fastq
Approx 45% complete for DRG_WT_03_Rep1_R1.fastq
Approx 50% complete for DRG_WT_03_Rep1_R1.fastq
Approx 55% complete for DRG_WT_03_Rep1_R1.fastq
Approx 60% complete for DRG_WT_03_Rep1_R1.fastq
Approx 65% complete for DRG_WT_03_Rep1_R1.fastq
Approx 70% complete for DRG_WT_03_Rep1_R1.fastq
Approx 75% complete for DRG_WT_03_Rep1_R1.fastq
Approx 80% complete for DRG_WT_03_Rep1_R1.fastq
Approx 85% complete for DRG_WT_03_Rep1_R1.fastq
Approx 90% complete for DRG_WT_03_Rep1_R1.fastq
Approx 95% complete for DRG_WT_03_Rep1_R1.fastq
Analysis complete for DRG_WT_03_Rep1_R1.fastq
Started analysis of DRG_WT_03_Rep1_R2.fastq
Approx 5% complete for DRG_WT_03_Rep1_R2.fastq
Approx 10% complete for DRG_WT_03_Rep1_R2.fastq
Approx 15% complete for DRG_WT_03_Rep1_R2.fastq
Approx 20% complete for DRG_WT_03_Rep1_R2.fastq
Approx 25% complete for DRG_WT_03_Rep1_R2.fastq
Approx 30% complete for DRG_WT_03_Rep1_R2.fastq
Approx 35% complete for DRG_WT_03_Rep1_R2.fastq
Approx 40% complete for DRG_WT_03_Rep1_R2.fastq
Approx 45% complete for DRG_WT_03_Rep1_R2.fastq
Approx 50% complete for DRG_WT_03_Rep1_R2.fastq
Approx 55% complete for DRG_WT_03_Rep1_R2.fastq
Approx 60% complete for DRG_WT_03_Rep1_R2.fastq
Approx 65% complete for DRG_WT_03_Rep1_R2.fastq
Approx 70% complete for DRG_WT_03_Rep1_R2.fastq
Approx 75% complete for DRG_WT_03_Rep1_R2.fastq
Approx 80% complete for DRG_WT_03_Rep1_R2.fastq
Approx 85% complete for DRG_WT_03_Rep1_R2.fastq
Approx 90% complete for DRG_WT_03_Rep1_R2.fastq
Approx 95% complete for DRG_WT_03_Rep1_R2.fastq
Analysis complete for DRG_WT_03_Rep1_R2.fastq
Started analysis of DRG_WT_03_Rep2_R1.fastq
Approx 5% complete for DRG_WT_03_Rep2_R1.fastq
Approx 10% complete for DRG_WT_03_Rep2_R1.fastq
Approx 15% complete for DRG_WT_03_Rep2_R1.fastq
Approx 20% complete for DRG_WT_03_Rep2_R1.fastq
Approx 25% complete for DRG_WT_03_Rep2_R1.fastq
Approx 30% complete for DRG_WT_03_Rep2_R1.fastq
Approx 35% complete for DRG_WT_03_Rep2_R1.fastq
Approx 40% complete for DRG_WT_03_Rep2_R1.fastq
Approx 45% complete for DRG_WT_03_Rep2_R1.fastq
Approx 50% complete for DRG_WT_03_Rep2_R1.fastq
Approx 55% complete for DRG_WT_03_Rep2_R1.fastq
Approx 60% complete for DRG_WT_03_Rep2_R1.fastq
Approx 65% complete for DRG_WT_03_Rep2_R1.fastq
Approx 70% complete for DRG_WT_03_Rep2_R1.fastq
Approx 75% complete for DRG_WT_03_Rep2_R1.fastq
Approx 80% complete for DRG_WT_03_Rep2_R1.fastq
Approx 85% complete for DRG_WT_03_Rep2_R1.fastq
Approx 90% complete for DRG_WT_03_Rep2_R1.fastq
Approx 95% complete for DRG_WT_03_Rep2_R1.fastq
Analysis complete for DRG_WT_03_Rep2_R1.fastq
Started analysis of DRG_WT_03_Rep2_R2.fastq
Approx 5% complete for DRG_WT_03_Rep2_R2.fastq
Approx 10% complete for DRG_WT_03_Rep2_R2.fastq
Approx 15% complete for DRG_WT_03_Rep2_R2.fastq
Approx 20% complete for DRG_WT_03_Rep2_R2.fastq
Approx 25% complete for DRG_WT_03_Rep2_R2.fastq
Approx 30% complete for DRG_WT_03_Rep2_R2.fastq
Approx 35% complete for DRG_WT_03_Rep2_R2.fastq
Approx 40% complete for DRG_WT_03_Rep2_R2.fastq
Approx 45% complete for DRG_WT_03_Rep2_R2.fastq
Approx 50% complete for DRG_WT_03_Rep2_R2.fastq
Approx 55% complete for DRG_WT_03_Rep2_R2.fastq
Approx 60% complete for DRG_WT_03_Rep2_R2.fastq
Approx 65% complete for DRG_WT_03_Rep2_R2.fastq
Approx 70% complete for DRG_WT_03_Rep2_R2.fastq
Approx 75% complete for DRG_WT_03_Rep2_R2.fastq
Approx 80% complete for DRG_WT_03_Rep2_R2.fastq
Approx 85% complete for DRG_WT_03_Rep2_R2.fastq
Approx 90% complete for DRG_WT_03_Rep2_R2.fastq
Approx 95% complete for DRG_WT_03_Rep2_R2.fastq
Analysis complete for DRG_WT_03_Rep2_R2.fastq
Started analysis of DRG_WT_30_Rep1_R1.fastq
Approx 5% complete for DRG_WT_30_Rep1_R1.fastq
Approx 10% complete for DRG_WT_30_Rep1_R1.fastq
Approx 15% complete for DRG_WT_30_Rep1_R1.fastq
Approx 20% complete for DRG_WT_30_Rep1_R1.fastq
Approx 25% complete for DRG_WT_30_Rep1_R1.fastq
Approx 30% complete for DRG_WT_30_Rep1_R1.fastq
Approx 35% complete for DRG_WT_30_Rep1_R1.fastq
Approx 40% complete for DRG_WT_30_Rep1_R1.fastq
Approx 45% complete for DRG_WT_30_Rep1_R1.fastq
Approx 50% complete for DRG_WT_30_Rep1_R1.fastq
Approx 55% complete for DRG_WT_30_Rep1_R1.fastq
Approx 60% complete for DRG_WT_30_Rep1_R1.fastq
Approx 65% complete for DRG_WT_30_Rep1_R1.fastq
Approx 70% complete for DRG_WT_30_Rep1_R1.fastq
Approx 75% complete for DRG_WT_30_Rep1_R1.fastq
Approx 80% complete for DRG_WT_30_Rep1_R1.fastq
Approx 85% complete for DRG_WT_30_Rep1_R1.fastq
Approx 90% complete for DRG_WT_30_Rep1_R1.fastq
Approx 95% complete for DRG_WT_30_Rep1_R1.fastq
Analysis complete for DRG_WT_30_Rep1_R1.fastq
Started analysis of DRG_WT_30_Rep1_R2.fastq
Approx 5% complete for DRG_WT_30_Rep1_R2.fastq
Approx 10% complete for DRG_WT_30_Rep1_R2.fastq
Approx 15% complete for DRG_WT_30_Rep1_R2.fastq
Approx 20% complete for DRG_WT_30_Rep1_R2.fastq
Approx 25% complete for DRG_WT_30_Rep1_R2.fastq
Approx 30% complete for DRG_WT_30_Rep1_R2.fastq
Approx 35% complete for DRG_WT_30_Rep1_R2.fastq
Approx 40% complete for DRG_WT_30_Rep1_R2.fastq
Approx 45% complete for DRG_WT_30_Rep1_R2.fastq
Approx 50% complete for DRG_WT_30_Rep1_R2.fastq
Approx 55% complete for DRG_WT_30_Rep1_R2.fastq
Approx 60% complete for DRG_WT_30_Rep1_R2.fastq
Approx 65% complete for DRG_WT_30_Rep1_R2.fastq
Approx 70% complete for DRG_WT_30_Rep1_R2.fastq
Approx 75% complete for DRG_WT_30_Rep1_R2.fastq
Approx 80% complete for DRG_WT_30_Rep1_R2.fastq
Approx 85% complete for DRG_WT_30_Rep1_R2.fastq
Approx 90% complete for DRG_WT_30_Rep1_R2.fastq
Approx 95% complete for DRG_WT_30_Rep1_R2.fastq
Analysis complete for DRG_WT_30_Rep1_R2.fastq
Started analysis of DRG_WT_30_Rep2_R1.fastq
Approx 5% complete for DRG_WT_30_Rep2_R1.fastq
Approx 10% complete for DRG_WT_30_Rep2_R1.fastq
Approx 15% complete for DRG_WT_30_Rep2_R1.fastq
Approx 20% complete for DRG_WT_30_Rep2_R1.fastq
Approx 25% complete for DRG_WT_30_Rep2_R1.fastq
Approx 30% complete for DRG_WT_30_Rep2_R1.fastq
Approx 35% complete for DRG_WT_30_Rep2_R1.fastq
Approx 40% complete for DRG_WT_30_Rep2_R1.fastq
Approx 45% complete for DRG_WT_30_Rep2_R1.fastq
Approx 50% complete for DRG_WT_30_Rep2_R1.fastq
Approx 55% complete for DRG_WT_30_Rep2_R1.fastq
Approx 60% complete for DRG_WT_30_Rep2_R1.fastq
Approx 65% complete for DRG_WT_30_Rep2_R1.fastq
Approx 70% complete for DRG_WT_30_Rep2_R1.fastq
Approx 75% complete for DRG_WT_30_Rep2_R1.fastq
Approx 80% complete for DRG_WT_30_Rep2_R1.fastq
Approx 85% complete for DRG_WT_30_Rep2_R1.fastq
Approx 90% complete for DRG_WT_30_Rep2_R1.fastq
Approx 95% complete for DRG_WT_30_Rep2_R1.fastq
Analysis complete for DRG_WT_30_Rep2_R1.fastq
Started analysis of DRG_WT_30_Rep2_R2.fastq
Approx 5% complete for DRG_WT_30_Rep2_R2.fastq
Approx 10% complete for DRG_WT_30_Rep2_R2.fastq
Approx 15% complete for DRG_WT_30_Rep2_R2.fastq
Approx 20% complete for DRG_WT_30_Rep2_R2.fastq
Approx 25% complete for DRG_WT_30_Rep2_R2.fastq
Approx 30% complete for DRG_WT_30_Rep2_R2.fastq
Approx 35% complete for DRG_WT_30_Rep2_R2.fastq
Approx 40% complete for DRG_WT_30_Rep2_R2.fastq
Approx 45% complete for DRG_WT_30_Rep2_R2.fastq
Approx 50% complete for DRG_WT_30_Rep2_R2.fastq
Approx 55% complete for DRG_WT_30_Rep2_R2.fastq
Approx 60% complete for DRG_WT_30_Rep2_R2.fastq
Approx 65% complete for DRG_WT_30_Rep2_R2.fastq
Approx 70% complete for DRG_WT_30_Rep2_R2.fastq
Approx 75% complete for DRG_WT_30_Rep2_R2.fastq
Approx 80% complete for DRG_WT_30_Rep2_R2.fastq
Approx 85% complete for DRG_WT_30_Rep2_R2.fastq
Approx 90% complete for DRG_WT_30_Rep2_R2.fastq
Approx 95% complete for DRG_WT_30_Rep2_R2.fastq
Analysis complete for DRG_WT_30_Rep2_R2.fastq
[INFO   ]         multiqc : This is MultiQC v1.9
[INFO   ]         multiqc : Template    : default
[INFO   ]         multiqc : Searching   : /media/hdd/pierrelee/mouseWT_aziz/fastqc/DRG_WT_00_Rep1_R1_fastqc.html
[INFO   ]         multiqc : Searching   : /media/hdd/pierrelee/mouseWT_aziz/fastqc/DRG_WT_00_Rep1_R1_fastqc.zip
[INFO   ]         multiqc : Searching   : /media/hdd/pierrelee/mouseWT_aziz/fastqc/DRG_WT_00_Rep1_R2_fastqc.html
[INFO   ]         multiqc : Searching   : /media/hdd/pierrelee/mouseWT_aziz/fastqc/DRG_WT_00_Rep1_R2_fastqc.zip
[INFO   ]         multiqc : Searching   : /media/hdd/pierrelee/mouseWT_aziz/fastqc/DRG_WT_00_Rep2_R1_fastqc.html
[INFO   ]         multiqc : Searching   : /media/hdd/pierrelee/mouseWT_aziz/fastqc/DRG_WT_00_Rep2_R1_fastqc.zip
[INFO   ]         multiqc : Searching   : /media/hdd/pierrelee/mouseWT_aziz/fastqc/DRG_WT_00_Rep2_R2_fastqc.html
[INFO   ]         multiqc : Searching   : /media/hdd/pierrelee/mouseWT_aziz/fastqc/DRG_WT_00_Rep2_R2_fastqc.zip
[INFO   ]         multiqc : Searching   : /media/hdd/pierrelee/mouseWT_aziz/fastqc/DRG_WT_01_Rep1_R1_fastqc.html
[INFO   ]         multiqc : Searching   : /media/hdd/pierrelee/mouseWT_aziz/fastqc/DRG_WT_01_Rep1_R1_fastqc.zip
[INFO   ]         multiqc : Searching   : /media/hdd/pierrelee/mouseWT_aziz/fastqc/DRG_WT_01_Rep1_R2_fastqc.html
[INFO   ]         multiqc : Searching   : /media/hdd/pierrelee/mouseWT_aziz/fastqc/DRG_WT_01_Rep1_R2_fastqc.zip
[INFO   ]         multiqc : Searching   : /media/hdd/pierrelee/mouseWT_aziz/fastqc/DRG_WT_01_Rep2_R1_fastqc.html
[INFO   ]         multiqc : Searching   : /media/hdd/pierrelee/mouseWT_aziz/fastqc/DRG_WT_01_Rep2_R1_fastqc.zip
[INFO   ]         multiqc : Searching   : /media/hdd/pierrelee/mouseWT_aziz/fastqc/DRG_WT_01_Rep2_R2_fastqc.html
[INFO   ]         multiqc : Searching   : /media/hdd/pierrelee/mouseWT_aziz/fastqc/DRG_WT_01_Rep2_R2_fastqc.zip
[INFO   ]         multiqc : Searching   : /media/hdd/pierrelee/mouseWT_aziz/fastqc/DRG_WT_03_Rep1_R1_fastqc.html
[INFO   ]         multiqc : Searching   : /media/hdd/pierrelee/mouseWT_aziz/fastqc/DRG_WT_03_Rep1_R1_fastqc.zip
[INFO   ]         multiqc : Searching   : /media/hdd/pierrelee/mouseWT_aziz/fastqc/DRG_WT_03_Rep1_R2_fastqc.html
[INFO   ]         multiqc : Searching   : /media/hdd/pierrelee/mouseWT_aziz/fastqc/DRG_WT_03_Rep1_R2_fastqc.zip
[INFO   ]         multiqc : Searching   : /media/hdd/pierrelee/mouseWT_aziz/fastqc/DRG_WT_03_Rep2_R1_fastqc.html
[INFO   ]         multiqc : Searching   : /media/hdd/pierrelee/mouseWT_aziz/fastqc/DRG_WT_03_Rep2_R1_fastqc.zip
[INFO   ]         multiqc : Searching   : /media/hdd/pierrelee/mouseWT_aziz/fastqc/DRG_WT_03_Rep2_R2_fastqc.html
[INFO   ]         multiqc : Searching   : /media/hdd/pierrelee/mouseWT_aziz/fastqc/DRG_WT_03_Rep2_R2_fastqc.zip
[INFO   ]         multiqc : Searching   : /media/hdd/pierrelee/mouseWT_aziz/fastqc/DRG_WT_30_Rep1_R1_fastqc.html
[INFO   ]         multiqc : Searching   : /media/hdd/pierrelee/mouseWT_aziz/fastqc/DRG_WT_30_Rep1_R1_fastqc.zip
[INFO   ]         multiqc : Searching   : /media/hdd/pierrelee/mouseWT_aziz/fastqc/DRG_WT_30_Rep1_R2_fastqc.html
[INFO   ]         multiqc : Searching   : /media/hdd/pierrelee/mouseWT_aziz/fastqc/DRG_WT_30_Rep1_R2_fastqc.zip
[INFO   ]         multiqc : Searching   : /media/hdd/pierrelee/mouseWT_aziz/fastqc/DRG_WT_30_Rep2_R1_fastqc.html
[INFO   ]         multiqc : Searching   : /media/hdd/pierrelee/mouseWT_aziz/fastqc/DRG_WT_30_Rep2_R1_fastqc.zip
[INFO   ]         multiqc : Searching   : /media/hdd/pierrelee/mouseWT_aziz/fastqc/DRG_WT_30_Rep2_R2_fastqc.html
[INFO   ]         multiqc : Searching   : /media/hdd/pierrelee/mouseWT_aziz/fastqc/DRG_WT_30_Rep2_R2_fastqc.zip
Searching 32 files..  [####################################]  100%          
[INFO   ]          fastqc : Found 16 reports
[INFO   ]         multiqc : Compressing plot data
[INFO   ]         multiqc : Report      : fastqc/multiqc_raw.html
[INFO   ]         multiqc : Data        : fastqc/multiqc_raw_data
[INFO   ]         multiqc : MultiQC complete
